# JRE version: OpenJDK Runtime Environment (8.0_242-b01) (build 1.8.0_242-release-1644-b01)
# Java VM: OpenJDK 64-Bit Server VM (25.242-b01 mixed mode windows-amd64 compressed oops)
Heap:
 PSYoungGen      total 273920K, used 162134K [0x00000000e0000000, 0x00000000f8400000, 0x0000000100000000)
  eden space 188928K, 85% used [0x00000000e0000000,0x00000000e9e55a70,0x00000000eb880000)
  from space 84992K, 0% used [0x00000000f3100000,0x00000000f3100000,0x00000000f8400000)
  to   space 26112K, 0% used [0x00000000eb880000,0x00000000eb880000,0x00000000ed200000)
 ParOldGen       total 230400K, used 147523K [0x00000000a0000000, 0x00000000ae100000, 0x00000000e0000000)
  object space 230400K, 64% used [0x00000000a0000000,0x00000000a9010e68,0x00000000ae100000)
 Metaspace       used 117959K, capacity 122630K, committed 122712K, reserved 1155072K
  class space    used 15225K, capacity 16240K, committed 16256K, reserved 1048576K
GC Heap History (10 events):
Event: 189.715 GC heap before
{Heap before GC invocations=19 (full 4):
 PSYoungGen      total 211968K, used 208150K [0x00000000e0000000, 0x00000000eed00000, 0x0000000100000000)
  eden space 188928K, 100% used [0x00000000e0000000,0x00000000eb880000,0x00000000eb880000)
  from space 23040K, 83% used [0x00000000ed200000,0x00000000ee4c5840,0x00000000ee880000)
  to   space 26112K, 0% used [0x00000000eb880000,0x00000000eb880000,0x00000000ed200000)
 ParOldGen       total 230400K, used 151064K [0x00000000a0000000, 0x00000000ae100000, 0x00000000e0000000)
  object space 230400K, 65% used [0x00000000a0000000,0x00000000a9386280,0x00000000ae100000)
 Metaspace       used 102494K, capacity 106134K, committed 106200K, reserved 1140736K
  class space    used 13272K, capacity 14080K, committed 14080K, reserved 1048576K
Event: 189.833 GC heap after
Heap after GC invocations=19 (full 4):
 PSYoungGen      total 215040K, used 26100K [0x00000000e0000000, 0x00000000f8400000, 0x0000000100000000)
  eden space 188928K, 0% used [0x00000000e0000000,0x00000000e0000000,0x00000000eb880000)
  from space 26112K, 99% used [0x00000000eb880000,0x00000000ed1fd160,0x00000000ed200000)
  to   space 84992K, 0% used [0x00000000f3100000,0x00000000f3100000,0x00000000f8400000)
 ParOldGen       total 230400K, used 163307K [0x00000000a0000000, 0x00000000ae100000, 0x00000000e0000000)
  object space 230400K, 70% used [0x00000000a0000000,0x00000000a9f7ae50,0x00000000ae100000)
 Metaspace       used 102494K, capacity 106134K, committed 106200K, reserved 1140736K
  class space    used 13272K, capacity 14080K, committed 14080K, reserved 1048576K
}
Event: 195.984 GC heap before
{Heap before GC invocations=20 (full 4):
 PSYoungGen      total 215040K, used 215028K [0x00000000e0000000, 0x00000000f8400000, 0x0000000100000000)
  eden space 188928K, 100% used [0x00000000e0000000,0x00000000eb880000,0x00000000eb880000)
  from space 26112K, 99% used [0x00000000eb880000,0x00000000ed1fd160,0x00000000ed200000)
  to   space 84992K, 0% used [0x00000000f3100000,0x00000000f3100000,0x00000000f8400000)
 ParOldGen       total 230400K, used 163307K [0x00000000a0000000, 0x00000000ae100000, 0x00000000e0000000)
  object space 230400K, 70% used [0x00000000a0000000,0x00000000a9f7ae50,0x00000000ae100000)
 Metaspace       used 107807K, capacity 111684K, committed 111832K, reserved 1146880K
  class space    used 13973K, capacity 14845K, committed 14848K, reserved 1048576K
Event: 196.356 GC heap after
Heap after GC invocations=20 (full 4):
 PSYoungGen      total 273920K, used 84967K [0x00000000e0000000, 0x00000000f8400000, 0x0000000100000000)
  eden space 188928K, 0% used [0x00000000e0000000,0x00000000e0000000,0x00000000eb880000)
  from space 84992K, 99% used [0x00000000f3100000,0x00000000f83f9d98,0x00000000f8400000)
  to   space 26112K, 0% used [0x00000000eb880000,0x00000000eb880000,0x00000000ed200000)
 ParOldGen       total 230400K, used 202076K [0x00000000a0000000, 0x00000000ae100000, 0x00000000e0000000)
  object space 230400K, 87% used [0x00000000a0000000,0x00000000ac5570f8,0x00000000ae100000)
 Metaspace       used 107807K, capacity 111684K, committed 111832K, reserved 1146880K
  class space    used 13973K, capacity 14845K, committed 14848K, reserved 1048576K
}
Event: 196.356 GC heap before
{Heap before GC invocations=21 (full 5):
 PSYoungGen      total 273920K, used 84967K [0x00000000e0000000, 0x00000000f8400000, 0x0000000100000000)
  eden space 188928K, 0% used [0x00000000e0000000,0x00000000e0000000,0x00000000eb880000)
  from space 84992K, 99% used [0x00000000f3100000,0x00000000f83f9d98,0x00000000f8400000)
  to   space 26112K, 0% used [0x00000000eb880000,0x00000000eb880000,0x00000000ed200000)
 ParOldGen       total 230400K, used 202076K [0x00000000a0000000, 0x00000000ae100000, 0x00000000e0000000)
  object space 230400K, 87% used [0x00000000a0000000,0x00000000ac5570f8,0x00000000ae100000)
 Metaspace       used 107807K, capacity 111684K, committed 111832K, reserved 1146880K
  class space    used 13973K, capacity 14845K, committed 14848K, reserved 1048576K
Event: 198.812 GC heap after
Heap after GC invocations=21 (full 5):
 PSYoungGen      total 273920K, used 0K [0x00000000e0000000, 0x00000000f8400000, 0x0000000100000000)
  eden space 188928K, 0% used [0x00000000e0000000,0x00000000e0000000,0x00000000eb880000)
  from space 84992K, 0% used [0x00000000f3100000,0x00000000f3100000,0x00000000f8400000)
  to   space 26112K, 0% used [0x00000000eb880000,0x00000000eb880000,0x00000000ed200000)
 ParOldGen       total 230400K, used 211416K [0x00000000a0000000, 0x00000000ae100000, 0x00000000e0000000)
  object space 230400K, 91% used [0x00000000a0000000,0x00000000ace760b0,0x00000000ae100000)
 Metaspace       used 107807K, capacity 111684K, committed 111832K, reserved 1146880K
  class space    used 13973K, capacity 14845K, committed 14848K, reserved 1048576K
}
Event: 203.883 GC heap before
{Heap before GC invocations=22 (full 6):
 PSYoungGen      total 273920K, used 188928K [0x00000000e0000000, 0x00000000f8400000, 0x0000000100000000)
  eden space 188928K, 100% used [0x00000000e0000000,0x00000000eb880000,0x00000000eb880000)
  from space 84992K, 0% used [0x00000000f3100000,0x00000000f3100000,0x00000000f8400000)
  to   space 26112K, 0% used [0x00000000eb880000,0x00000000eb880000,0x00000000ed200000)
 ParOldGen       total 230400K, used 211416K [0x00000000a0000000, 0x00000000ae100000, 0x00000000e0000000)
  object space 230400K, 91% used [0x00000000a0000000,0x00000000ace760b0,0x00000000ae100000)
 Metaspace       used 109981K, capacity 114488K, committed 114648K, reserved 1148928K
  class space    used 14330K, capacity 15307K, committed 15360K, reserved 1048576K
Event: 205.251 GC heap after
Heap after GC invocations=22 (full 6):
 PSYoungGen      total 273920K, used 0K [0x00000000e0000000, 0x00000000f8400000, 0x0000000100000000)
  eden space 188928K, 0% used [0x00000000e0000000,0x00000000e0000000,0x00000000eb880000)
  from space 84992K, 0% used [0x00000000f3100000,0x00000000f3100000,0x00000000f8400000)
  to   space 26112K, 0% used [0x00000000eb880000,0x00000000eb880000,0x00000000ed200000)
 ParOldGen       total 230400K, used 184632K [0x00000000a0000000, 0x00000000ae100000, 0x00000000e0000000)
  object space 230400K, 80% used [0x00000000a0000000,0x00000000ab44e208,0x00000000ae100000)
 Metaspace       used 109981K, capacity 114488K, committed 114648K, reserved 1148928K
  class space    used 14330K, capacity 15307K, committed 15360K, reserved 1048576K
}
Event: 288.968 GC heap before
{Heap before GC invocations=23 (full 7):
 PSYoungGen      total 273920K, used 188928K [0x00000000e0000000, 0x00000000f8400000, 0x0000000100000000)
  eden space 188928K, 100% used [0x00000000e0000000,0x00000000eb880000,0x00000000eb880000)
  from space 84992K, 0% used [0x00000000f3100000,0x00000000f3100000,0x00000000f8400000)
  to   space 26112K, 0% used [0x00000000eb880000,0x00000000eb880000,0x00000000ed200000)
 ParOldGen       total 230400K, used 184632K [0x00000000a0000000, 0x00000000ae100000, 0x00000000e0000000)
  object space 230400K, 80% used [0x00000000a0000000,0x00000000ab44e208,0x00000000ae100000)
 Metaspace       used 110348K, capacity 114804K, committed 114904K, reserved 1148928K
  class space    used 14346K, capacity 15327K, committed 15360K, reserved 1048576K
Event: 290.046 GC heap after
Heap after GC invocations=23 (full 7):
 PSYoungGen      total 273920K, used 0K [0x00000000e0000000, 0x00000000f8400000, 0x0000000100000000)
  eden space 188928K, 0% used [0x00000000e0000000,0x00000000e0000000,0x00000000eb880000)
  from space 84992K, 0% used [0x00000000f3100000,0x00000000f3100000,0x00000000f8400000)
  to   space 26112K, 0% used [0x00000000eb880000,0x00000000eb880000,0x00000000ed200000)
 ParOldGen       total 230400K, used 147523K [0x00000000a0000000, 0x00000000ae100000, 0x00000000e0000000)
  object space 230400K, 64% used [0x00000000a0000000,0x00000000a9010e68,0x00000000ae100000)
 Metaspace       used 110348K, capacity 114804K, committed 114904K, reserved 1148928K
  class space    used 14346K, capacity 15327K, committed 15360K, reserved 1048576K
}

