# JRE version: OpenJDK Runtime Environment (8.0_242-b01) (build 1.8.0_242-release-1644-b01)
# Java VM: OpenJDK 64-Bit Server VM (25.242-b01 mixed mode windows-amd64 compressed oops)
Heap:
 PSYoungGen      total 467456K, used 406730K [0x00000000e0000000, 0x00000000ff900000, 0x0000000100000000)
  eden space 423936K, 86% used [0x00000000e0000000,0x00000000f67bc588,0x00000000f9e00000)
  from space 43520K, 88% used [0x00000000fce80000,0x00000000ff3f6560,0x00000000ff900000)
  to   space 46080K, 0% used [0x00000000f9e00000,0x00000000f9e00000,0x00000000fcb00000)
 ParOldGen       total 552448K, used 415347K [0x00000000a0000000, 0x00000000c1b80000, 0x00000000e0000000)
  object space 552448K, 75% used [0x00000000a0000000,0x00000000b959ccc0,0x00000000c1b80000)
 Metaspace       used 168088K, capacity 175876K, committed 176536K, reserved 1202176K
  class space    used 21143K, capacity 22635K, committed 22936K, reserved 1048576K
GC Heap History (10 events):
Event: 17493.635 GC heap before
{Heap before GC invocations=64 (full 6):
 PSYoungGen      total 471552K, used 471533K [0x00000000e0000000, 0x0000000100000000, 0x0000000100000000)
  eden space 428032K, 100% used [0x00000000e0000000,0x00000000fa200000,0x00000000fa200000)
  from space 43520K, 99% used [0x00000000fa200000,0x00000000fcc7b5f8,0x00000000fcc80000)
  to   space 52224K, 0% used [0x00000000fcd00000,0x00000000fcd00000,0x0000000100000000)
 ParOldGen       total 552448K, used 353151K [0x00000000a0000000, 0x00000000c1b80000, 0x00000000e0000000)
  object space 552448K, 63% used [0x00000000a0000000,0x00000000b58dfc28,0x00000000c1b80000)
 Metaspace       used 168066K, capacity 175808K, committed 176536K, reserved 1202176K
  class space    used 21143K, capacity 22635K, committed 22936K, reserved 1048576K
Event: 17493.684 GC heap after
Heap after GC invocations=64 (full 6):
 PSYoungGen      total 474112K, used 6482K [0x00000000e0000000, 0x0000000100000000, 0x0000000100000000)
  eden space 421888K, 0% used [0x00000000e0000000,0x00000000e0000000,0x00000000f9c00000)
  from space 52224K, 12% used [0x00000000fcd00000,0x00000000fd354ab0,0x0000000100000000)
  to   space 50176K, 0% used [0x00000000f9c00000,0x00000000f9c00000,0x00000000fcd00000)
 ParOldGen       total 552448K, used 392870K [0x00000000a0000000, 0x00000000c1b80000, 0x00000000e0000000)
  object space 552448K, 71% used [0x00000000a0000000,0x00000000b7fa9af8,0x00000000c1b80000)
 Metaspace       used 168066K, capacity 175808K, committed 176536K, reserved 1202176K
  class space    used 21143K, capacity 22635K, committed 22936K, reserved 1048576K
}
Event: 17494.580 GC heap before
{Heap before GC invocations=65 (full 6):
 PSYoungGen      total 474112K, used 428370K [0x00000000e0000000, 0x0000000100000000, 0x0000000100000000)
  eden space 421888K, 100% used [0x00000000e0000000,0x00000000f9c00000,0x00000000f9c00000)
  from space 52224K, 12% used [0x00000000fcd00000,0x00000000fd354ab0,0x0000000100000000)
  to   space 50176K, 0% used [0x00000000f9c00000,0x00000000f9c00000,0x00000000fcd00000)
 ParOldGen       total 552448K, used 392870K [0x00000000a0000000, 0x00000000c1b80000, 0x00000000e0000000)
  object space 552448K, 71% used [0x00000000a0000000,0x00000000b7fa9af8,0x00000000c1b80000)
 Metaspace       used 168068K, capacity 175808K, committed 176536K, reserved 1202176K
  class space    used 21143K, capacity 22635K, committed 22936K, reserved 1048576K
Event: 17494.618 GC heap after
Heap after GC invocations=65 (full 6):
 PSYoungGen      total 428032K, used 6016K [0x00000000e0000000, 0x00000000ffa00000, 0x0000000100000000)
  eden space 421888K, 0% used [0x00000000e0000000,0x00000000e0000000,0x00000000f9c00000)
  from space 6144K, 97% used [0x00000000f9c00000,0x00000000fa1e0010,0x00000000fa200000)
  to   space 48128K, 0% used [0x00000000fcb00000,0x00000000fcb00000,0x00000000ffa00000)
 ParOldGen       total 552448K, used 398768K [0x00000000a0000000, 0x00000000c1b80000, 0x00000000e0000000)
  object space 552448K, 72% used [0x00000000a0000000,0x00000000b856c2c8,0x00000000c1b80000)
 Metaspace       used 168068K, capacity 175808K, committed 176536K, reserved 1202176K
  class space    used 21143K, capacity 22635K, committed 22936K, reserved 1048576K
}
Event: 17495.361 GC heap before
{Heap before GC invocations=66 (full 6):
 PSYoungGen      total 428032K, used 427904K [0x00000000e0000000, 0x00000000ffa00000, 0x0000000100000000)
  eden space 421888K, 100% used [0x00000000e0000000,0x00000000f9c00000,0x00000000f9c00000)
  from space 6144K, 97% used [0x00000000f9c00000,0x00000000fa1e0010,0x00000000fa200000)
  to   space 48128K, 0% used [0x00000000fcb00000,0x00000000fcb00000,0x00000000ffa00000)
 ParOldGen       total 552448K, used 398768K [0x00000000a0000000, 0x00000000c1b80000, 0x00000000e0000000)
  object space 552448K, 72% used [0x00000000a0000000,0x00000000b856c2c8,0x00000000c1b80000)
 Metaspace       used 168070K, capacity 175808K, committed 176536K, reserved 1202176K
  class space    used 21143K, capacity 22635K, committed 22936K, reserved 1048576K
Event: 17495.384 GC heap after
Heap after GC invocations=66 (full 6):
 PSYoungGen      total 472064K, used 5844K [0x00000000e0000000, 0x0000000100000000, 0x0000000100000000)
  eden space 423936K, 0% used [0x00000000e0000000,0x00000000e0000000,0x00000000f9e00000)
  from space 48128K, 12% used [0x00000000fcb00000,0x00000000fd0b5138,0x00000000ffa00000)
  to   space 46080K, 0% used [0x00000000f9e00000,0x00000000f9e00000,0x00000000fcb00000)
 ParOldGen       total 552448K, used 404271K [0x00000000a0000000, 0x00000000c1b80000, 0x00000000e0000000)
  object space 552448K, 73% used [0x00000000a0000000,0x00000000b8acbc30,0x00000000c1b80000)
 Metaspace       used 168070K, capacity 175808K, committed 176536K, reserved 1202176K
  class space    used 21143K, capacity 22635K, committed 22936K, reserved 1048576K
}
Event: 17496.215 GC heap before
{Heap before GC invocations=67 (full 6):
 PSYoungGen      total 472064K, used 429780K [0x00000000e0000000, 0x0000000100000000, 0x0000000100000000)
  eden space 423936K, 100% used [0x00000000e0000000,0x00000000f9e00000,0x00000000f9e00000)
  from space 48128K, 12% used [0x00000000fcb00000,0x00000000fd0b5138,0x00000000ffa00000)
  to   space 46080K, 0% used [0x00000000f9e00000,0x00000000f9e00000,0x00000000fcb00000)
 ParOldGen       total 552448K, used 404271K [0x00000000a0000000, 0x00000000c1b80000, 0x00000000e0000000)
  object space 552448K, 73% used [0x00000000a0000000,0x00000000b8acbc30,0x00000000c1b80000)
 Metaspace       used 168077K, capacity 175808K, committed 176536K, reserved 1202176K
  class space    used 21143K, capacity 22635K, committed 22936K, reserved 1048576K
Event: 17496.237 GC heap after
Heap after GC invocations=67 (full 6):
 PSYoungGen      total 470016K, used 9157K [0x00000000e0000000, 0x00000000ff900000, 0x0000000100000000)
  eden space 423936K, 0% used [0x00000000e0000000,0x00000000e0000000,0x00000000f9e00000)
  from space 46080K, 19% used [0x00000000f9e00000,0x00000000fa6f15d8,0x00000000fcb00000)
  to   space 43520K, 0% used [0x00000000fce80000,0x00000000fce80000,0x00000000ff900000)
 ParOldGen       total 552448K, used 408519K [0x00000000a0000000, 0x00000000c1b80000, 0x00000000e0000000)
  object space 552448K, 73% used [0x00000000a0000000,0x00000000b8ef1c08,0x00000000c1b80000)
 Metaspace       used 168077K, capacity 175808K, committed 176536K, reserved 1202176K
  class space    used 21143K, capacity 22635K, committed 22936K, reserved 1048576K
}
Event: 17497.390 GC heap before
{Heap before GC invocations=68 (full 6):
 PSYoungGen      total 470016K, used 433093K [0x00000000e0000000, 0x00000000ff900000, 0x0000000100000000)
  eden space 423936K, 100% used [0x00000000e0000000,0x00000000f9e00000,0x00000000f9e00000)
  from space 46080K, 19% used [0x00000000f9e00000,0x00000000fa6f15d8,0x00000000fcb00000)
  to   space 43520K, 0% used [0x00000000fce80000,0x00000000fce80000,0x00000000ff900000)
 ParOldGen       total 552448K, used 408519K [0x00000000a0000000, 0x00000000c1b80000, 0x00000000e0000000)
  object space 552448K, 73% used [0x00000000a0000000,0x00000000b8ef1c08,0x00000000c1b80000)
 Metaspace       used 168080K, capacity 175808K, committed 176536K, reserved 1202176K
  class space    used 21143K, capacity 22635K, committed 22936K, reserved 1048576K
Event: 17497.452 GC heap after
Heap after GC invocations=68 (full 6):
 PSYoungGen      total 467456K, used 38361K [0x00000000e0000000, 0x00000000ff900000, 0x0000000100000000)
  eden space 423936K, 0% used [0x00000000e0000000,0x00000000e0000000,0x00000000f9e00000)
  from space 43520K, 88% used [0x00000000fce80000,0x00000000ff3f6560,0x00000000ff900000)
  to   space 46080K, 0% used [0x00000000f9e00000,0x00000000f9e00000,0x00000000fcb00000)
 ParOldGen       total 552448K, used 415347K [0x00000000a0000000, 0x00000000c1b80000, 0x00000000e0000000)
  object space 552448K, 75% used [0x00000000a0000000,0x00000000b959ccc0,0x00000000c1b80000)
 Metaspace       used 168080K, capacity 175808K, committed 176536K, reserved 1202176K
  class space    used 21143K, capacity 22635K, committed 22936K, reserved 1048576K
}

