# JRE version: OpenJDK Runtime Environment (8.0_242-b01) (build 1.8.0_242-release-1644-b01)
# Java VM: OpenJDK 64-Bit Server VM (25.242-b01 mixed mode windows-amd64 compressed oops)
Heap:
 PSYoungGen      total 308224K, used 260576K [0x00000000e0000000, 0x00000000f8c00000, 0x0000000100000000)
  eden space 283648K, 83% used [0x00000000e0000000,0x00000000ee6f5f10,0x00000000f1500000)
  from space 24576K, 97% used [0x00000000f7400000,0x00000000f8b82378,0x00000000f8c00000)
  to   space 34304K, 0% used [0x00000000f4900000,0x00000000f4900000,0x00000000f6a80000)
 ParOldGen       total 181248K, used 59191K [0x00000000a0000000, 0x00000000ab100000, 0x00000000e0000000)
  object space 181248K, 32% used [0x00000000a0000000,0x00000000a39cdd38,0x00000000ab100000)
 Metaspace       used 88087K, capacity 91676K, committed 91800K, reserved 1128448K
  class space    used 11594K, capacity 12360K, committed 12440K, reserved 1048576K
GC Heap History (10 events):
Event: 37.233 GC heap before
{Heap before GC invocations=11 (full 2):
 PSYoungGen      total 252928K, used 123922K [0x00000000e0000000, 0x00000000f3700000, 0x0000000100000000)
  eden space 238592K, 45% used [0x00000000e0000000,0x00000000e6b06b60,0x00000000ee900000)
  from space 14336K, 99% used [0x00000000efb80000,0x00000000f097dfc8,0x00000000f0980000)
  to   space 18944K, 0% used [0x00000000ee900000,0x00000000ee900000,0x00000000efb80000)
 ParOldGen       total 123904K, used 26036K [0x00000000a0000000, 0x00000000a7900000, 0x00000000e0000000)
  object space 123904K, 21% used [0x00000000a0000000,0x00000000a196d0f8,0x00000000a7900000)
 Metaspace       used 57080K, capacity 59010K, committed 59160K, reserved 1099776K
  class space    used 7917K, capacity 8368K, committed 8472K, reserved 1048576K
Event: 37.294 GC heap after
Heap after GC invocations=11 (full 2):
 PSYoungGen      total 257536K, used 18922K [0x00000000e0000000, 0x00000000f5180000, 0x0000000100000000)
  eden space 238592K, 0% used [0x00000000e0000000,0x00000000e0000000,0x00000000ee900000)
  from space 18944K, 99% used [0x00000000ee900000,0x00000000efb7ab20,0x00000000efb80000)
  to   space 23040K, 0% used [0x00000000f3b00000,0x00000000f3b00000,0x00000000f5180000)
 ParOldGen       total 123904K, used 29124K [0x00000000a0000000, 0x00000000a7900000, 0x00000000e0000000)
  object space 123904K, 23% used [0x00000000a0000000,0x00000000a1c71320,0x00000000a7900000)
 Metaspace       used 57080K, capacity 59010K, committed 59160K, reserved 1099776K
  class space    used 7917K, capacity 8368K, committed 8472K, reserved 1048576K
}
Event: 37.294 GC heap before
{Heap before GC invocations=12 (full 3):
 PSYoungGen      total 257536K, used 18922K [0x00000000e0000000, 0x00000000f5180000, 0x0000000100000000)
  eden space 238592K, 0% used [0x00000000e0000000,0x00000000e0000000,0x00000000ee900000)
  from space 18944K, 99% used [0x00000000ee900000,0x00000000efb7ab20,0x00000000efb80000)
  to   space 23040K, 0% used [0x00000000f3b00000,0x00000000f3b00000,0x00000000f5180000)
 ParOldGen       total 123904K, used 29124K [0x00000000a0000000, 0x00000000a7900000, 0x00000000e0000000)
  object space 123904K, 23% used [0x00000000a0000000,0x00000000a1c71320,0x00000000a7900000)
 Metaspace       used 57080K, capacity 59010K, committed 59160K, reserved 1099776K
  class space    used 7917K, capacity 8368K, committed 8472K, reserved 1048576K
Event: 37.815 GC heap after
Heap after GC invocations=12 (full 3):
 PSYoungGen      total 257536K, used 0K [0x00000000e0000000, 0x00000000f5180000, 0x0000000100000000)
  eden space 238592K, 0% used [0x00000000e0000000,0x00000000e0000000,0x00000000ee900000)
  from space 18944K, 0% used [0x00000000ee900000,0x00000000ee900000,0x00000000efb80000)
  to   space 23040K, 0% used [0x00000000f3b00000,0x00000000f3b00000,0x00000000f5180000)
 ParOldGen       total 181248K, used 37316K [0x00000000a0000000, 0x00000000ab100000, 0x00000000e0000000)
  object space 181248K, 20% used [0x00000000a0000000,0x00000000a24710c8,0x00000000ab100000)
 Metaspace       used 57078K, capacity 59004K, committed 59160K, reserved 1099776K
  class space    used 7916K, capacity 8367K, committed 8472K, reserved 1048576K
}
Event: 47.287 GC heap before
{Heap before GC invocations=13 (full 3):
 PSYoungGen      total 257536K, used 238589K [0x00000000e0000000, 0x00000000f5180000, 0x0000000100000000)
  eden space 238592K, 99% used [0x00000000e0000000,0x00000000ee8ff538,0x00000000ee900000)
  from space 18944K, 0% used [0x00000000ee900000,0x00000000ee900000,0x00000000efb80000)
  to   space 23040K, 0% used [0x00000000f3b00000,0x00000000f3b00000,0x00000000f5180000)
 ParOldGen       total 181248K, used 37316K [0x00000000a0000000, 0x00000000ab100000, 0x00000000e0000000)
  object space 181248K, 20% used [0x00000000a0000000,0x00000000a24710c8,0x00000000ab100000)
 Metaspace       used 70059K, capacity 72824K, committed 72984K, reserved 1112064K
  class space    used 9670K, capacity 10245K, committed 10264K, reserved 1048576K
Event: 47.367 GC heap after
Heap after GC invocations=13 (full 3):
 PSYoungGen      total 314880K, used 21900K [0x00000000e0000000, 0x00000000f5080000, 0x0000000100000000)
  eden space 292864K, 0% used [0x00000000e0000000,0x00000000e0000000,0x00000000f1e00000)
  from space 22016K, 99% used [0x00000000f3b00000,0x00000000f5063248,0x00000000f5080000)
  to   space 25600K, 0% used [0x00000000f1e80000,0x00000000f1e80000,0x00000000f3780000)
 ParOldGen       total 181248K, used 37324K [0x00000000a0000000, 0x00000000ab100000, 0x00000000e0000000)
  object space 181248K, 20% used [0x00000000a0000000,0x00000000a24730c8,0x00000000ab100000)
 Metaspace       used 70059K, capacity 72824K, committed 72984K, reserved 1112064K
  class space    used 9670K, capacity 10245K, committed 10264K, reserved 1048576K
}
Event: 4264.251 GC heap before
{Heap before GC invocations=14 (full 3):
 PSYoungGen      total 314880K, used 314764K [0x00000000e0000000, 0x00000000f5080000, 0x0000000100000000)
  eden space 292864K, 100% used [0x00000000e0000000,0x00000000f1e00000,0x00000000f1e00000)
  from space 22016K, 99% used [0x00000000f3b00000,0x00000000f5063248,0x00000000f5080000)
  to   space 25600K, 0% used [0x00000000f1e80000,0x00000000f1e80000,0x00000000f3780000)
 ParOldGen       total 181248K, used 37324K [0x00000000a0000000, 0x00000000ab100000, 0x00000000e0000000)
  object space 181248K, 20% used [0x00000000a0000000,0x00000000a24730c8,0x00000000ab100000)
 Metaspace       used 79282K, capacity 82448K, committed 82712K, reserved 1120256K
  class space    used 10537K, capacity 11226K, committed 11288K, reserved 1048576K
Event: 4264.408 GC heap after
Heap after GC invocations=14 (full 3):
 PSYoungGen      total 318976K, used 25586K [0x00000000e0000000, 0x00000000f9400000, 0x0000000100000000)
  eden space 293376K, 0% used [0x00000000e0000000,0x00000000e0000000,0x00000000f1e80000)
  from space 25600K, 99% used [0x00000000f1e80000,0x00000000f377c8b0,0x00000000f3780000)
  to   space 32768K, 0% used [0x00000000f7400000,0x00000000f7400000,0x00000000f9400000)
 ParOldGen       total 181248K, used 47075K [0x00000000a0000000, 0x00000000ab100000, 0x00000000e0000000)
  object space 181248K, 25% used [0x00000000a0000000,0x00000000a2df8ec8,0x00000000ab100000)
 Metaspace       used 79282K, capacity 82448K, committed 82712K, reserved 1120256K
  class space    used 10537K, capacity 11226K, committed 11288K, reserved 1048576K
}
Event: 4370.989 GC heap before
{Heap before GC invocations=15 (full 3):
 PSYoungGen      total 318976K, used 318962K [0x00000000e0000000, 0x00000000f9400000, 0x0000000100000000)
  eden space 293376K, 100% used [0x00000000e0000000,0x00000000f1e80000,0x00000000f1e80000)
  from space 25600K, 99% used [0x00000000f1e80000,0x00000000f377c8b0,0x00000000f3780000)
  to   space 32768K, 0% used [0x00000000f7400000,0x00000000f7400000,0x00000000f9400000)
 ParOldGen       total 181248K, used 47075K [0x00000000a0000000, 0x00000000ab100000, 0x00000000e0000000)
  object space 181248K, 25% used [0x00000000a0000000,0x00000000a2df8ec8,0x00000000ab100000)
 Metaspace       used 86849K, capacity 90352K, committed 90648K, reserved 1128448K
  class space    used 11500K, capacity 12252K, committed 12312K, reserved 1048576K
Event: 4371.169 GC heap after
Heap after GC invocations=15 (full 3):
 PSYoungGen      total 308224K, used 24072K [0x00000000e0000000, 0x00000000f8c00000, 0x0000000100000000)
  eden space 283648K, 0% used [0x00000000e0000000,0x00000000e0000000,0x00000000f1500000)
  from space 24576K, 97% used [0x00000000f7400000,0x00000000f8b82378,0x00000000f8c00000)
  to   space 34304K, 0% used [0x00000000f4900000,0x00000000f4900000,0x00000000f6a80000)
 ParOldGen       total 181248K, used 59191K [0x00000000a0000000, 0x00000000ab100000, 0x00000000e0000000)
  object space 181248K, 32% used [0x00000000a0000000,0x00000000a39cdd38,0x00000000ab100000)
 Metaspace       used 86849K, capacity 90352K, committed 90648K, reserved 1128448K
  class space    used 11500K, capacity 12252K, committed 12312K, reserved 1048576K
}

