# JRE version: OpenJDK Runtime Environment (8.0_242-b01) (build 1.8.0_242-release-1644-b01)
# Java VM: OpenJDK 64-Bit Server VM (25.242-b01 mixed mode windows-amd64 compressed oops)
Heap:
 PSYoungGen      total 383488K, used 227677K [0x00000000e0000000, 0x00000000ff380000, 0x0000000100000000)
  eden space 256512K, 76% used [0x00000000e0000000,0x00000000ebfaa3c0,0x00000000efa80000)
  from space 126976K, 24% used [0x00000000f7780000,0x00000000f962d388,0x00000000ff380000)
  to   space 127488K, 0% used [0x00000000efa80000,0x00000000efa80000,0x00000000f7700000)
 ParOldGen       total 1048576K, used 891835K [0x00000000a0000000, 0x00000000e0000000, 0x00000000e0000000)
  object space 1048576K, 85% used [0x00000000a0000000,0x00000000d66eeee0,0x00000000e0000000)
 Metaspace       used 261724K, capacity 279830K, committed 279936K, reserved 1292288K
  class space    used 33726K, capacity 36946K, committed 36992K, reserved 1048576K
GC Heap History (10 events):
Event: 14679.234 GC heap before
{Heap before GC invocations=112 (full 8):
 PSYoungGen      total 376832K, used 254737K [0x00000000e0000000, 0x0000000100000000, 0x0000000100000000)
  eden space 229376K, 100% used [0x00000000e0000000,0x00000000ee000000,0x00000000ee000000)
  from space 147456K, 17% used [0x00000000ee000000,0x00000000ef8c45d8,0x00000000f7000000)
  to   space 144384K, 0% used [0x00000000f7300000,0x00000000f7300000,0x0000000100000000)
 ParOldGen       total 1048576K, used 791313K [0x00000000a0000000, 0x00000000e0000000, 0x00000000e0000000)
  object space 1048576K, 75% used [0x00000000a0000000,0x00000000d04c4440,0x00000000e0000000)
 Metaspace       used 246956K, capacity 263814K, committed 264064K, reserved 1277952K
  class space    used 31805K, capacity 34776K, committed 34944K, reserved 1048576K
Event: 14679.356 GC heap after
Heap after GC invocations=112 (full 8):
 PSYoungGen      total 367616K, used 21767K [0x00000000e0000000, 0x00000000ff700000, 0x0000000100000000)
  eden space 232448K, 0% used [0x00000000e0000000,0x00000000e0000000,0x00000000ee300000)
  from space 135168K, 16% used [0x00000000f7300000,0x00000000f8841c28,0x00000000ff700000)
  to   space 141312K, 0% used [0x00000000ee300000,0x00000000ee300000,0x00000000f6d00000)
 ParOldGen       total 1048576K, used 814577K [0x00000000a0000000, 0x00000000e0000000, 0x00000000e0000000)
  object space 1048576K, 77% used [0x00000000a0000000,0x00000000d1b7c668,0x00000000e0000000)
 Metaspace       used 246956K, capacity 263814K, committed 264064K, reserved 1277952K
  class space    used 31805K, capacity 34776K, committed 34944K, reserved 1048576K
}
Event: 15054.739 GC heap before
{Heap before GC invocations=113 (full 8):
 PSYoungGen      total 367616K, used 254215K [0x00000000e0000000, 0x00000000ff700000, 0x0000000100000000)
  eden space 232448K, 100% used [0x00000000e0000000,0x00000000ee300000,0x00000000ee300000)
  from space 135168K, 16% used [0x00000000f7300000,0x00000000f8841c28,0x00000000ff700000)
  to   space 141312K, 0% used [0x00000000ee300000,0x00000000ee300000,0x00000000f6d00000)
 ParOldGen       total 1048576K, used 814577K [0x00000000a0000000, 0x00000000e0000000, 0x00000000e0000000)
  object space 1048576K, 77% used [0x00000000a0000000,0x00000000d1b7c668,0x00000000e0000000)
 Metaspace       used 247599K, capacity 264464K, committed 264576K, reserved 1280000K
  class space    used 31864K, capacity 34883K, committed 34944K, reserved 1048576K
Event: 15055.103 GC heap after
Heap after GC invocations=113 (full 8):
 PSYoungGen      total 373760K, used 28505K [0x00000000e0000000, 0x00000000ffc00000, 0x0000000100000000)
  eden space 232448K, 0% used [0x00000000e0000000,0x00000000e0000000,0x00000000ee300000)
  from space 141312K, 20% used [0x00000000ee300000,0x00000000efed65e0,0x00000000f6d00000)
  to   space 136192K, 0% used [0x00000000f7700000,0x00000000f7700000,0x00000000ffc00000)
 ParOldGen       total 1048576K, used 831624K [0x00000000a0000000, 0x00000000e0000000, 0x00000000e0000000)
  object space 1048576K, 79% used [0x00000000a0000000,0x00000000d2c220a8,0x00000000e0000000)
 Metaspace       used 247599K, capacity 264464K, committed 264576K, reserved 1280000K
  class space    used 31864K, capacity 34883K, committed 34944K, reserved 1048576K
}
Event: 15066.746 GC heap before
{Heap before GC invocations=114 (full 8):
 PSYoungGen      total 373760K, used 260953K [0x00000000e0000000, 0x00000000ffc00000, 0x0000000100000000)
  eden space 232448K, 100% used [0x00000000e0000000,0x00000000ee300000,0x00000000ee300000)
  from space 141312K, 20% used [0x00000000ee300000,0x00000000efed65e0,0x00000000f6d00000)
  to   space 136192K, 0% used [0x00000000f7700000,0x00000000f7700000,0x00000000ffc00000)
 ParOldGen       total 1048576K, used 831624K [0x00000000a0000000, 0x00000000e0000000, 0x00000000e0000000)
  object space 1048576K, 79% used [0x00000000a0000000,0x00000000d2c220a8,0x00000000e0000000)
 Metaspace       used 258885K, capacity 276288K, committed 276608K, reserved 1290240K
  class space    used 33281K, capacity 36389K, committed 36480K, reserved 1048576K
Event: 15067.077 GC heap after
Heap after GC invocations=114 (full 8):
 PSYoungGen      total 381952K, used 72659K [0x00000000e0000000, 0x00000000ffb00000, 0x0000000100000000)
  eden space 246784K, 0% used [0x00000000e0000000,0x00000000e0000000,0x00000000ef100000)
  from space 135168K, 53% used [0x00000000f7700000,0x00000000fbdf4dc8,0x00000000ffb00000)
  to   space 136192K, 0% used [0x00000000ef100000,0x00000000ef100000,0x00000000f7600000)
 ParOldGen       total 1048576K, used 855317K [0x00000000a0000000, 0x00000000e0000000, 0x00000000e0000000)
  object space 1048576K, 81% used [0x00000000a0000000,0x00000000d4345608,0x00000000e0000000)
 Metaspace       used 258885K, capacity 276288K, committed 276608K, reserved 1290240K
  class space    used 33281K, capacity 36389K, committed 36480K, reserved 1048576K
}
Event: 15076.733 GC heap before
{Heap before GC invocations=115 (full 8):
 PSYoungGen      total 381952K, used 319443K [0x00000000e0000000, 0x00000000ffb00000, 0x0000000100000000)
  eden space 246784K, 100% used [0x00000000e0000000,0x00000000ef100000,0x00000000ef100000)
  from space 135168K, 53% used [0x00000000f7700000,0x00000000fbdf4dc8,0x00000000ffb00000)
  to   space 136192K, 0% used [0x00000000ef100000,0x00000000ef100000,0x00000000f7600000)
 ParOldGen       total 1048576K, used 855317K [0x00000000a0000000, 0x00000000e0000000, 0x00000000e0000000)
  object space 1048576K, 81% used [0x00000000a0000000,0x00000000d4345608,0x00000000e0000000)
 Metaspace       used 259698K, capacity 277316K, committed 277504K, reserved 1290240K
  class space    used 33413K, capacity 36549K, committed 36608K, reserved 1048576K
Event: 15076.963 GC heap after
Heap after GC invocations=115 (full 8):
 PSYoungGen      total 382976K, used 62499K [0x00000000e0000000, 0x00000000ff800000, 0x0000000100000000)
  eden space 246784K, 0% used [0x00000000e0000000,0x00000000e0000000,0x00000000ef100000)
  from space 136192K, 45% used [0x00000000ef100000,0x00000000f2e08fa8,0x00000000f7600000)
  to   space 131584K, 0% used [0x00000000f7780000,0x00000000f7780000,0x00000000ff800000)
 ParOldGen       total 1048576K, used 873306K [0x00000000a0000000, 0x00000000e0000000, 0x00000000e0000000)
  object space 1048576K, 83% used [0x00000000a0000000,0x00000000d54d6908,0x00000000e0000000)
 Metaspace       used 259698K, capacity 277316K, committed 277504K, reserved 1290240K
  class space    used 33413K, capacity 36549K, committed 36608K, reserved 1048576K
}
Event: 15082.661 GC heap before
{Heap before GC invocations=116 (full 8):
 PSYoungGen      total 382976K, used 309283K [0x00000000e0000000, 0x00000000ff800000, 0x0000000100000000)
  eden space 246784K, 100% used [0x00000000e0000000,0x00000000ef100000,0x00000000ef100000)
  from space 136192K, 45% used [0x00000000ef100000,0x00000000f2e08fa8,0x00000000f7600000)
  to   space 131584K, 0% used [0x00000000f7780000,0x00000000f7780000,0x00000000ff800000)
 ParOldGen       total 1048576K, used 873306K [0x00000000a0000000, 0x00000000e0000000, 0x00000000e0000000)
  object space 1048576K, 83% used [0x00000000a0000000,0x00000000d54d6908,0x00000000e0000000)
 Metaspace       used 261675K, capacity 279826K, committed 279936K, reserved 1292288K
  class space    used 33726K, capacity 36946K, committed 36992K, reserved 1048576K
Event: 15082.847 GC heap after
Heap after GC invocations=116 (full 8):
 PSYoungGen      total 383488K, used 31412K [0x00000000e0000000, 0x00000000ff380000, 0x0000000100000000)
  eden space 256512K, 0% used [0x00000000e0000000,0x00000000e0000000,0x00000000efa80000)
  from space 126976K, 24% used [0x00000000f7780000,0x00000000f962d388,0x00000000ff380000)
  to   space 127488K, 0% used [0x00000000efa80000,0x00000000efa80000,0x00000000f7700000)
 ParOldGen       total 1048576K, used 891835K [0x00000000a0000000, 0x00000000e0000000, 0x00000000e0000000)
  object space 1048576K, 85% used [0x00000000a0000000,0x00000000d66eeee0,0x00000000e0000000)
 Metaspace       used 261675K, capacity 279826K, committed 279936K, reserved 1292288K
  class space    used 33726K, capacity 36946K, committed 36992K, reserved 1048576K
}

