# JRE version: OpenJDK Runtime Environment (8.0_242-b01) (build 1.8.0_242-release-1644-b01)
# Java VM: OpenJDK 64-Bit Server VM (25.242-b01 mixed mode windows-amd64 compressed oops)
Heap:
 PSYoungGen      total 188928K, used 25927K [0x00000000e0000000, 0x00000000f8980000, 0x0000000100000000)
  eden space 164352K, 0% used [0x00000000e0000000,0x00000000e01544a8,0x00000000ea080000)
  from space 24576K, 99% used [0x00000000ef180000,0x00000000f097d828,0x00000000f0980000)
  to   space 82944K, 0% used [0x00000000ea080000,0x00000000ea080000,0x00000000ef180000)
 ParOldGen       total 207872K, used 135199K [0x00000000a0000000, 0x00000000acb00000, 0x00000000e0000000)
  object space 207872K, 65% used [0x00000000a0000000,0x00000000a8407e98,0x00000000acb00000)
 Metaspace       used 91871K, capacity 95422K, committed 95616K, reserved 1132544K
  class space    used 12162K, capacity 12890K, committed 12928K, reserved 1048576K
GC Heap History (10 events):
Event: 88.112 GC heap before
{Heap before GC invocations=15 (full 3):
 PSYoungGen      total 247296K, used 247273K [0x00000000e0000000, 0x00000000f1d80000, 0x0000000100000000)
  eden space 213504K, 100% used [0x00000000e0000000,0x00000000ed080000,0x00000000ed080000)
  from space 33792K, 99% used [0x00000000ed080000,0x00000000ef17a4a8,0x00000000ef180000)
  to   space 24576K, 0% used [0x00000000ef180000,0x00000000ef180000,0x00000000f0980000)
 ParOldGen       total 207872K, used 106883K [0x00000000a0000000, 0x00000000acb00000, 0x00000000e0000000)
  object space 207872K, 51% used [0x00000000a0000000,0x00000000a6860fa8,0x00000000acb00000)
 Metaspace       used 86129K, capacity 89038K, committed 89216K, reserved 1126400K
  class space    used 11442K, capacity 12078K, committed 12160K, reserved 1048576K
Event: 88.290 GC heap after
Heap after GC invocations=15 (full 3):
 PSYoungGen      total 238080K, used 24563K [0x00000000e0000000, 0x00000000f1d80000, 0x0000000100000000)
  eden space 213504K, 0% used [0x00000000e0000000,0x00000000e0000000,0x00000000ed080000)
  from space 24576K, 99% used [0x00000000ef180000,0x00000000f097cd60,0x00000000f0980000)
  to   space 33792K, 0% used [0x00000000ed080000,0x00000000ed080000,0x00000000ef180000)
 ParOldGen       total 207872K, used 189887K [0x00000000a0000000, 0x00000000acb00000, 0x00000000e0000000)
  object space 207872K, 91% used [0x00000000a0000000,0x00000000ab96fc40,0x00000000acb00000)
 Metaspace       used 86129K, capacity 89038K, committed 89216K, reserved 1126400K
  class space    used 11442K, capacity 12078K, committed 12160K, reserved 1048576K
}
Event: 88.290 GC heap before
{Heap before GC invocations=16 (full 4):
 PSYoungGen      total 238080K, used 24563K [0x00000000e0000000, 0x00000000f1d80000, 0x0000000100000000)
  eden space 213504K, 0% used [0x00000000e0000000,0x00000000e0000000,0x00000000ed080000)
  from space 24576K, 99% used [0x00000000ef180000,0x00000000f097cd60,0x00000000f0980000)
  to   space 33792K, 0% used [0x00000000ed080000,0x00000000ed080000,0x00000000ef180000)
 ParOldGen       total 207872K, used 189887K [0x00000000a0000000, 0x00000000acb00000, 0x00000000e0000000)
  object space 207872K, 91% used [0x00000000a0000000,0x00000000ab96fc40,0x00000000acb00000)
 Metaspace       used 86129K, capacity 89038K, committed 89216K, reserved 1126400K
  class space    used 11442K, capacity 12078K, committed 12160K, reserved 1048576K
Event: 89.407 GC heap after
Heap after GC invocations=16 (full 4):
 PSYoungGen      total 238080K, used 0K [0x00000000e0000000, 0x00000000f1d80000, 0x0000000100000000)
  eden space 213504K, 0% used [0x00000000e0000000,0x00000000e0000000,0x00000000ed080000)
  from space 24576K, 0% used [0x00000000ef180000,0x00000000ef180000,0x00000000f0980000)
  to   space 33792K, 0% used [0x00000000ed080000,0x00000000ed080000,0x00000000ef180000)
 ParOldGen       total 207872K, used 156352K [0x00000000a0000000, 0x00000000acb00000, 0x00000000e0000000)
  object space 207872K, 75% used [0x00000000a0000000,0x00000000a98b02f0,0x00000000acb00000)
 Metaspace       used 86081K, capacity 88910K, committed 89216K, reserved 1126400K
  class space    used 11427K, capacity 12052K, committed 12160K, reserved 1048576K
}
Event: 93.800 GC heap before
{Heap before GC invocations=17 (full 5):
 PSYoungGen      total 238080K, used 213504K [0x00000000e0000000, 0x00000000f1d80000, 0x0000000100000000)
  eden space 213504K, 100% used [0x00000000e0000000,0x00000000ed080000,0x00000000ed080000)
  from space 24576K, 0% used [0x00000000ef180000,0x00000000ef180000,0x00000000f0980000)
  to   space 33792K, 0% used [0x00000000ed080000,0x00000000ed080000,0x00000000ef180000)
 ParOldGen       total 207872K, used 156352K [0x00000000a0000000, 0x00000000acb00000, 0x00000000e0000000)
  object space 207872K, 75% used [0x00000000a0000000,0x00000000a98b02f0,0x00000000acb00000)
 Metaspace       used 88295K, capacity 91714K, committed 91904K, reserved 1128448K
  class space    used 11784K, capacity 12520K, committed 12544K, reserved 1048576K
Event: 95.088 GC heap after
Heap after GC invocations=17 (full 5):
 PSYoungGen      total 238080K, used 0K [0x00000000e0000000, 0x00000000f1d80000, 0x0000000100000000)
  eden space 213504K, 0% used [0x00000000e0000000,0x00000000e0000000,0x00000000ed080000)
  from space 24576K, 0% used [0x00000000ef180000,0x00000000ef180000,0x00000000f0980000)
  to   space 33792K, 0% used [0x00000000ed080000,0x00000000ed080000,0x00000000ef180000)
 ParOldGen       total 207872K, used 112922K [0x00000000a0000000, 0x00000000acb00000, 0x00000000e0000000)
  object space 207872K, 54% used [0x00000000a0000000,0x00000000a6e46a70,0x00000000acb00000)
 Metaspace       used 88295K, capacity 91714K, committed 91904K, reserved 1128448K
  class space    used 11784K, capacity 12520K, committed 12544K, reserved 1048576K
}
Event: 108.288 GC heap before
{Heap before GC invocations=18 (full 5):
 PSYoungGen      total 238080K, used 213504K [0x00000000e0000000, 0x00000000f1d80000, 0x0000000100000000)
  eden space 213504K, 100% used [0x00000000e0000000,0x00000000ed080000,0x00000000ed080000)
  from space 24576K, 0% used [0x00000000ef180000,0x00000000ef180000,0x00000000f0980000)
  to   space 33792K, 0% used [0x00000000ed080000,0x00000000ed080000,0x00000000ef180000)
 ParOldGen       total 207872K, used 113016K [0x00000000a0000000, 0x00000000acb00000, 0x00000000e0000000)
  object space 207872K, 54% used [0x00000000a0000000,0x00000000a6e5e1c8,0x00000000acb00000)
 Metaspace       used 91414K, capacity 94900K, committed 95104K, reserved 1132544K
  class space    used 12091K, capacity 12851K, committed 12928K, reserved 1048576K
Event: 108.390 GC heap after
Heap after GC invocations=18 (full 5):
 PSYoungGen      total 247296K, used 26500K [0x00000000e0000000, 0x00000000f1d80000, 0x0000000100000000)
  eden space 213504K, 0% used [0x00000000e0000000,0x00000000e0000000,0x00000000ed080000)
  from space 33792K, 78% used [0x00000000ed080000,0x00000000eea613b8,0x00000000ef180000)
  to   space 24576K, 0% used [0x00000000ef180000,0x00000000ef180000,0x00000000f0980000)
 ParOldGen       total 207872K, used 113024K [0x00000000a0000000, 0x00000000acb00000, 0x00000000e0000000)
  object space 207872K, 54% used [0x00000000a0000000,0x00000000a6e601c8,0x00000000acb00000)
 Metaspace       used 91414K, capacity 94900K, committed 95104K, reserved 1132544K
  class space    used 12091K, capacity 12851K, committed 12928K, reserved 1048576K
}
Event: 113.298 GC heap before
{Heap before GC invocations=19 (full 5):
 PSYoungGen      total 247296K, used 240004K [0x00000000e0000000, 0x00000000f1d80000, 0x0000000100000000)
  eden space 213504K, 100% used [0x00000000e0000000,0x00000000ed080000,0x00000000ed080000)
  from space 33792K, 78% used [0x00000000ed080000,0x00000000eea613b8,0x00000000ef180000)
  to   space 24576K, 0% used [0x00000000ef180000,0x00000000ef180000,0x00000000f0980000)
 ParOldGen       total 207872K, used 113028K [0x00000000a0000000, 0x00000000acb00000, 0x00000000e0000000)
  object space 207872K, 54% used [0x00000000a0000000,0x00000000a6e610c8,0x00000000acb00000)
 Metaspace       used 91796K, capacity 95270K, committed 95360K, reserved 1132544K
  class space    used 12150K, capacity 12886K, committed 12928K, reserved 1048576K
Event: 113.403 GC heap after
Heap after GC invocations=19 (full 5):
 PSYoungGen      total 188928K, used 24566K [0x00000000e0000000, 0x00000000f8980000, 0x0000000100000000)
  eden space 164352K, 0% used [0x00000000e0000000,0x00000000e0000000,0x00000000ea080000)
  from space 24576K, 99% used [0x00000000ef180000,0x00000000f097d828,0x00000000f0980000)
  to   space 82944K, 0% used [0x00000000ea080000,0x00000000ea080000,0x00000000ef180000)
 ParOldGen       total 207872K, used 135199K [0x00000000a0000000, 0x00000000acb00000, 0x00000000e0000000)
  object space 207872K, 65% used [0x00000000a0000000,0x00000000a8407e98,0x00000000acb00000)
 Metaspace       used 91796K, capacity 95270K, committed 95360K, reserved 1132544K
  class space    used 12150K, capacity 12886K, committed 12928K, reserved 1048576K
}

