# JRE version: OpenJDK Runtime Environment (8.0_242-b01) (build 1.8.0_242-release-1644-b01)
# Java VM: OpenJDK 64-Bit Server VM (25.242-b01 mixed mode windows-amd64 compressed oops)
Heap:
 PSYoungGen      total 321024K, used 47756K [0x00000000e0000000, 0x00000000fc700000, 0x0000000100000000)
  eden space 297472K, 8% used [0x00000000e0000000,0x00000000e17a84e8,0x00000000f2280000)
  from space 23552K, 99% used [0x00000000f2280000,0x00000000f397ab48,0x00000000f3980000)
  to   space 34304K, 0% used [0x00000000fa580000,0x00000000fa580000,0x00000000fc700000)
 ParOldGen       total 135680K, used 50203K [0x00000000a0000000, 0x00000000a8480000, 0x00000000e0000000)
  object space 135680K, 37% used [0x00000000a0000000,0x00000000a3106d88,0x00000000a8480000)
 Metaspace       used 65814K, capacity 68090K, committed 68224K, reserved 1107968K
  class space    used 8975K, capacity 9482K, committed 9600K, reserved 1048576K
GC Heap History (10 events):
Event: 18.733 GC heap before
{Heap before GC invocations=12 (full 2):
 PSYoungGen      total 153088K, used 153085K [0x00000000e0000000, 0x00000000eec80000, 0x0000000100000000)
  eden space 140288K, 100% used [0x00000000e0000000,0x00000000e8900000,0x00000000e8900000)
  from space 12800K, 99% used [0x00000000e8900000,0x00000000e957f7b0,0x00000000e9580000)
  to   space 16384K, 0% used [0x00000000edc80000,0x00000000edc80000,0x00000000eec80000)
 ParOldGen       total 97280K, used 19359K [0x00000000a0000000, 0x00000000a5f00000, 0x00000000e0000000)
  object space 97280K, 19% used [0x00000000a0000000,0x00000000a12e7ed0,0x00000000a5f00000)
 Metaspace       used 56927K, capacity 58732K, committed 59008K, reserved 1099776K
  class space    used 7834K, capacity 8269K, committed 8320K, reserved 1048576K
Event: 18.755 GC heap after
Heap after GC invocations=12 (full 2):
 PSYoungGen      total 221184K, used 16365K [0x00000000e0000000, 0x00000000ef200000, 0x0000000100000000)
  eden space 204800K, 0% used [0x00000000e0000000,0x00000000e0000000,0x00000000ec800000)
  from space 16384K, 99% used [0x00000000edc80000,0x00000000eec7b7d8,0x00000000eec80000)
  to   space 20992K, 0% used [0x00000000ec800000,0x00000000ec800000,0x00000000edc80000)
 ParOldGen       total 97280K, used 26727K [0x00000000a0000000, 0x00000000a5f00000, 0x00000000e0000000)
  object space 97280K, 27% used [0x00000000a0000000,0x00000000a1a19ef8,0x00000000a5f00000)
 Metaspace       used 56927K, capacity 58732K, committed 59008K, reserved 1099776K
  class space    used 7834K, capacity 8269K, committed 8320K, reserved 1048576K
}
Event: 18.888 GC heap before
{Heap before GC invocations=13 (full 2):
 PSYoungGen      total 221184K, used 28160K [0x00000000e0000000, 0x00000000ef200000, 0x0000000100000000)
  eden space 204800K, 5% used [0x00000000e0000000,0x00000000e0b84c10,0x00000000ec800000)
  from space 16384K, 99% used [0x00000000edc80000,0x00000000eec7b7d8,0x00000000eec80000)
  to   space 20992K, 0% used [0x00000000ec800000,0x00000000ec800000,0x00000000edc80000)
 ParOldGen       total 97280K, used 26727K [0x00000000a0000000, 0x00000000a5f00000, 0x00000000e0000000)
  object space 97280K, 27% used [0x00000000a0000000,0x00000000a1a19ef8,0x00000000a5f00000)
 Metaspace       used 57190K, capacity 59068K, committed 59096K, reserved 1099776K
  class space    used 7852K, capacity 8305K, committed 8320K, reserved 1048576K
Event: 18.908 GC heap after
Heap after GC invocations=13 (full 2):
 PSYoungGen      total 225792K, used 1312K [0x00000000e0000000, 0x00000000f5300000, 0x0000000100000000)
  eden space 204800K, 0% used [0x00000000e0000000,0x00000000e0000000,0x00000000ec800000)
  from space 20992K, 6% used [0x00000000ec800000,0x00000000ec948000,0x00000000edc80000)
  to   space 21504K, 0% used [0x00000000f3e00000,0x00000000f3e00000,0x00000000f5300000)
 ParOldGen       total 97280K, used 42921K [0x00000000a0000000, 0x00000000a5f00000, 0x00000000e0000000)
  object space 97280K, 44% used [0x00000000a0000000,0x00000000a29ea500,0x00000000a5f00000)
 Metaspace       used 57190K, capacity 59068K, committed 59096K, reserved 1099776K
  class space    used 7852K, capacity 8305K, committed 8320K, reserved 1048576K
}
Event: 18.908 GC heap before
{Heap before GC invocations=14 (full 3):
 PSYoungGen      total 225792K, used 1312K [0x00000000e0000000, 0x00000000f5300000, 0x0000000100000000)
  eden space 204800K, 0% used [0x00000000e0000000,0x00000000e0000000,0x00000000ec800000)
  from space 20992K, 6% used [0x00000000ec800000,0x00000000ec948000,0x00000000edc80000)
  to   space 21504K, 0% used [0x00000000f3e00000,0x00000000f3e00000,0x00000000f5300000)
 ParOldGen       total 97280K, used 42921K [0x00000000a0000000, 0x00000000a5f00000, 0x00000000e0000000)
  object space 97280K, 44% used [0x00000000a0000000,0x00000000a29ea500,0x00000000a5f00000)
 Metaspace       used 57190K, capacity 59068K, committed 59096K, reserved 1099776K
  class space    used 7852K, capacity 8305K, committed 8320K, reserved 1048576K
Event: 19.141 GC heap after
Heap after GC invocations=14 (full 3):
 PSYoungGen      total 225792K, used 0K [0x00000000e0000000, 0x00000000f5300000, 0x0000000100000000)
  eden space 204800K, 0% used [0x00000000e0000000,0x00000000e0000000,0x00000000ec800000)
  from space 20992K, 0% used [0x00000000ec800000,0x00000000ec800000,0x00000000edc80000)
  to   space 21504K, 0% used [0x00000000f3e00000,0x00000000f3e00000,0x00000000f5300000)
 ParOldGen       total 135680K, used 31029K [0x00000000a0000000, 0x00000000a8480000, 0x00000000e0000000)
  object space 135680K, 22% used [0x00000000a0000000,0x00000000a1e4d6e8,0x00000000a8480000)
 Metaspace       used 57190K, capacity 59068K, committed 59096K, reserved 1099776K
  class space    used 7852K, capacity 8305K, committed 8320K, reserved 1048576K
}
Event: 30.168 GC heap before
{Heap before GC invocations=15 (full 3):
 PSYoungGen      total 225792K, used 204800K [0x00000000e0000000, 0x00000000f5300000, 0x0000000100000000)
  eden space 204800K, 100% used [0x00000000e0000000,0x00000000ec800000,0x00000000ec800000)
  from space 20992K, 0% used [0x00000000ec800000,0x00000000ec800000,0x00000000edc80000)
  to   space 21504K, 0% used [0x00000000f3e00000,0x00000000f3e00000,0x00000000f5300000)
 ParOldGen       total 135680K, used 31029K [0x00000000a0000000, 0x00000000a8480000, 0x00000000e0000000)
  object space 135680K, 22% used [0x00000000a0000000,0x00000000a1e4d6e8,0x00000000a8480000)
 Metaspace       used 63161K, capacity 65340K, committed 65536K, reserved 1105920K
  class space    used 8633K, capacity 9101K, committed 9216K, reserved 1048576K
Event: 30.215 GC heap after
Heap after GC invocations=15 (full 3):
 PSYoungGen      total 307712K, used 18893K [0x00000000e0000000, 0x00000000f5080000, 0x0000000100000000)
  eden space 288768K, 0% used [0x00000000e0000000,0x00000000e0000000,0x00000000f1a00000)
  from space 18944K, 99% used [0x00000000f3e00000,0x00000000f50734a8,0x00000000f5080000)
  to   space 23552K, 0% used [0x00000000f2280000,0x00000000f2280000,0x00000000f3980000)
 ParOldGen       total 135680K, used 31037K [0x00000000a0000000, 0x00000000a8480000, 0x00000000e0000000)
  object space 135680K, 22% used [0x00000000a0000000,0x00000000a1e4f6e8,0x00000000a8480000)
 Metaspace       used 63161K, capacity 65340K, committed 65536K, reserved 1105920K
  class space    used 8633K, capacity 9101K, committed 9216K, reserved 1048576K
}
Event: 55.392 GC heap before
{Heap before GC invocations=16 (full 3):
 PSYoungGen      total 307712K, used 307661K [0x00000000e0000000, 0x00000000f5080000, 0x0000000100000000)
  eden space 288768K, 100% used [0x00000000e0000000,0x00000000f1a00000,0x00000000f1a00000)
  from space 18944K, 99% used [0x00000000f3e00000,0x00000000f50734a8,0x00000000f5080000)
  to   space 23552K, 0% used [0x00000000f2280000,0x00000000f2280000,0x00000000f3980000)
 ParOldGen       total 135680K, used 31037K [0x00000000a0000000, 0x00000000a8480000, 0x00000000e0000000)
  object space 135680K, 22% used [0x00000000a0000000,0x00000000a1e4f6e8,0x00000000a8480000)
 Metaspace       used 65763K, capacity 68090K, committed 68224K, reserved 1107968K
  class space    used 8971K, capacity 9482K, committed 9600K, reserved 1048576K
Event: 55.517 GC heap after
Heap after GC invocations=16 (full 3):
 PSYoungGen      total 321024K, used 23530K [0x00000000e0000000, 0x00000000fc700000, 0x0000000100000000)
  eden space 297472K, 0% used [0x00000000e0000000,0x00000000e0000000,0x00000000f2280000)
  from space 23552K, 99% used [0x00000000f2280000,0x00000000f397ab48,0x00000000f3980000)
  to   space 34304K, 0% used [0x00000000fa580000,0x00000000fa580000,0x00000000fc700000)
 ParOldGen       total 135680K, used 50203K [0x00000000a0000000, 0x00000000a8480000, 0x00000000e0000000)
  object space 135680K, 37% used [0x00000000a0000000,0x00000000a3106d88,0x00000000a8480000)
 Metaspace       used 65763K, capacity 68090K, committed 68224K, reserved 1107968K
  class space    used 8971K, capacity 9482K, committed 9600K, reserved 1048576K
}

